<?xml version="1.0" encoding="UTF-8"?>
<!-- Generated by org.testng.reporters.JUnitReportReporter -->
<testsuite hostname="Collaberas-MacBook-Pro.local" failures="0" tests="18" name="iOS.tests.Test.iPad" time="125.692" errors="0" timestamp="2023-05-15T22:24:38 PST" skipped="0">
  <testcase classname="iOS.tests.Test.iPad" name="setup" time="10.929"/>
  <system-out/>
  <testcase classname="iOS.tests.Test.iPad" name="scrollGes" time="4.324"/>
  <system-out/>
  <testcase classname="iOS.tests.Test.iPad" name="actIndicator" time="3.072"/>
  <system-out/>
  <testcase classname="iOS.tests.Test.iPad" name="datePicker" time="6.900"/>
  <system-out/>
  <testcase classname="iOS.tests.Test.iPad" name="timePicker" time="11.680"/>
  <system-out/>
  <testcase classname="iOS.tests.Test.iPad" name="ImageView" time="8.945"/>
  <system-out/>
  <testcase classname="iOS.tests.Test.iPad" name="pageControl" time="1.994"/>
  <system-out/>
  <testcase classname="iOS.tests.Test.iPad" name="pickView" time="2.114"/>
  <system-out/>
  <testcase classname="iOS.tests.Test.iPad" name="progView" time="10.913"/>
  <system-out/>
  <testcase classname="iOS.tests.Test.iPad" name="searchView" time="11.174"/>
  <system-out/>
  <testcase classname="iOS.tests.Test.iPad" name="segmentedControls" time="6.911"/>
  <system-out/>
  <testcase classname="iOS.tests.Test.iPad" name="sliderControl" time="4.540"/>
  <system-out/>
  <testcase classname="iOS.tests.Test.iPad" name="stackViews" time="7.897"/>
  <system-out/>
  <testcase classname="iOS.tests.Test.iPad" name="switches" time="4.007"/>
  <system-out/>
  <testcase classname="iOS.tests.Test.iPad" name="textField" time="17.209"/>
  <system-out/>
  <testcase classname="iOS.tests.Test.iPad" name="toolBars" time="3.451"/>
  <system-out/>
  <testcase classname="iOS.tests.Test.iPad" name="webViews" time="4.390"/>
  <system-out/>
  <testcase classname="iOS.tests.Test.iPad" name="alert" time="5.242"/>
  <system-out/>
</testsuite> <!-- iOS.tests.Test.iPad -->
