<?xml version="1.0" encoding="UTF-8"?>
<!-- Generated by org.testng.reporters.JUnitReportReporter -->
<testsuite hostname="Collaberas-MacBook-Pro.local" failures="0" tests="18" name="iOS.tests.Test.AppiumIphoneMain" time="111.966" errors="0" timestamp="2023-05-13T22:22:56 PST" skipped="0">
  <testcase classname="iOS.tests.Test.AppiumIphoneMain" name="setup" time="6.149"/>
  <system-out/>
  <testcase classname="iOS.tests.Test.AppiumIphoneMain" name="scrollGes" time="1.193"/>
  <system-out/>
  <testcase classname="iOS.tests.Test.AppiumIphoneMain" name="actIndicator" time="3.834"/>
  <system-out/>
  <testcase classname="iOS.tests.Test.AppiumIphoneMain" name="datePicker" time="4.899"/>
  <system-out/>
  <testcase classname="iOS.tests.Test.AppiumIphoneMain" name="timePicker" time="9.906"/>
  <system-out/>
  <testcase classname="iOS.tests.Test.AppiumIphoneMain" name="ImageView" time="9.602"/>
  <system-out/>
  <testcase classname="iOS.tests.Test.AppiumIphoneMain" name="pageControl" time="2.776"/>
  <system-out/>
  <testcase classname="iOS.tests.Test.AppiumIphoneMain" name="pickView" time="2.712"/>
  <system-out/>
  <testcase classname="iOS.tests.Test.AppiumIphoneMain" name="progView" time="12.080"/>
  <system-out/>
  <testcase classname="iOS.tests.Test.AppiumIphoneMain" name="searchView" time="9.378"/>
  <system-out/>
  <testcase classname="iOS.tests.Test.AppiumIphoneMain" name="segmentedControls" time="4.106"/>
  <system-out/>
  <testcase classname="iOS.tests.Test.AppiumIphoneMain" name="sliderControl" time="4.910"/>
  <system-out/>
  <testcase classname="iOS.tests.Test.AppiumIphoneMain" name="stackViews" time="7.705"/>
  <system-out/>
  <testcase classname="iOS.tests.Test.AppiumIphoneMain" name="switches" time="4.803"/>
  <system-out/>
  <testcase classname="iOS.tests.Test.AppiumIphoneMain" name="textField" time="15.357"/>
  <system-out/>
  <testcase classname="iOS.tests.Test.AppiumIphoneMain" name="toolBars" time="4.448"/>
  <system-out/>
  <testcase classname="iOS.tests.Test.AppiumIphoneMain" name="webViews" time="4.425"/>
  <system-out/>
  <testcase classname="iOS.tests.Test.AppiumIphoneMain" name="alert" time="3.683"/>
  <system-out/>
</testsuite> <!-- iOS.tests.Test.AppiumIphoneMain -->
