<?xml version="1.0" encoding="UTF-8"?>
<!-- Generated by org.testng.reporters.JUnitReportReporter -->
<testsuite hostname="Collaberas-MacBook-Pro.local" failures="0" tests="17" name="iOS.tests.Test.AppiumIPADmain" time="94.103" errors="0" timestamp="2023-05-13T21:38:54 PST" skipped="0">
  <testcase classname="iOS.tests.Test.AppiumIPADmain" name="setup" time="10.189"/>
  <system-out/>
  <testcase classname="iOS.tests.Test.AppiumIPADmain" name="printingOptions" time="3.176"/>
  <system-out/>
  <testcase classname="iOS.tests.Test.AppiumIPADmain" name="actIndicator" time="2.623"/>
  <system-out/>
  <testcase classname="iOS.tests.Test.AppiumIPADmain" name="datePicker" time="4.924"/>
  <system-out/>
  <testcase classname="iOS.tests.Test.AppiumIPADmain" name="timePicker" time="11.525"/>
  <system-out/>
  <testcase classname="iOS.tests.Test.AppiumIPADmain" name="ImageView" time="8.810"/>
  <system-out/>
  <testcase classname="iOS.tests.Test.AppiumIPADmain" name="pageControl" time="1.776"/>
  <system-out/>
  <testcase classname="iOS.tests.Test.AppiumIPADmain" name="pickView" time="3.093"/>
  <system-out/>
  <testcase classname="iOS.tests.Test.AppiumIPADmain" name="progView" time="11.181"/>
  <system-out/>
  <testcase classname="iOS.tests.Test.AppiumIPADmain" name="searchView" time="7.501"/>
  <system-out/>
  <testcase classname="iOS.tests.Test.AppiumIPADmain" name="segmentedControls" time="3.954"/>
  <system-out/>
  <testcase classname="iOS.tests.Test.AppiumIPADmain" name="sliderControl" time="4.368"/>
  <system-out/>
  <testcase classname="iOS.tests.Test.AppiumIPADmain" name="stackViews" time="7.533"/>
  <system-out/>
  <testcase classname="iOS.tests.Test.AppiumIPADmain" name="switches" time="3.858"/>
  <system-out/>
  <testcase classname="iOS.tests.Test.AppiumIPADmain" name="toolBars" time="2.637"/>
  <system-out/>
  <testcase classname="iOS.tests.Test.AppiumIPADmain" name="webViews" time="4.207"/>
  <system-out/>
  <testcase classname="iOS.tests.Test.AppiumIPADmain" name="alert" time="2.748"/>
  <system-out/>
</testsuite> <!-- iOS.tests.Test.AppiumIPADmain -->
