<?xml version="1.0" encoding="UTF-8"?>
<!-- Generated by org.testng.reporters.JUnitReportReporter -->
<testsuite hostname="Collaberas-MacBook-Pro.local" failures="0" tests="18" name="iOS.tests.Test.AppiumIphoneMain" time="124.165" errors="0" timestamp="2023-05-15T22:28:43 PST" skipped="0">
  <testcase classname="iOS.tests.Test.AppiumIphoneMain" name="setup" time="5.982"/>
  <system-out/>
  <testcase classname="iOS.tests.Test.AppiumIphoneMain" name="scrollGes" time="4.204"/>
  <system-out/>
  <testcase classname="iOS.tests.Test.AppiumIphoneMain" name="actIndicator" time="4.164"/>
  <system-out/>
  <testcase classname="iOS.tests.Test.AppiumIphoneMain" name="datePicker" time="6.732"/>
  <system-out/>
  <testcase classname="iOS.tests.Test.AppiumIphoneMain" name="timePicker" time="9.907"/>
  <system-out/>
  <testcase classname="iOS.tests.Test.AppiumIphoneMain" name="ImageView" time="9.184"/>
  <system-out/>
  <testcase classname="iOS.tests.Test.AppiumIphoneMain" name="pageControl" time="2.460"/>
  <system-out/>
  <testcase classname="iOS.tests.Test.AppiumIphoneMain" name="pickView" time="2.537"/>
  <system-out/>
  <testcase classname="iOS.tests.Test.AppiumIphoneMain" name="progView" time="11.772"/>
  <system-out/>
  <testcase classname="iOS.tests.Test.AppiumIphoneMain" name="searchView" time="13.378"/>
  <system-out/>
  <testcase classname="iOS.tests.Test.AppiumIphoneMain" name="segmentedControls" time="6.204"/>
  <system-out/>
  <testcase classname="iOS.tests.Test.AppiumIphoneMain" name="sliderControl" time="4.817"/>
  <system-out/>
  <testcase classname="iOS.tests.Test.AppiumIphoneMain" name="stackViews" time="7.389"/>
  <system-out/>
  <testcase classname="iOS.tests.Test.AppiumIphoneMain" name="switches" time="4.533"/>
  <system-out/>
  <testcase classname="iOS.tests.Test.AppiumIphoneMain" name="textField" time="16.429"/>
  <system-out/>
  <testcase classname="iOS.tests.Test.AppiumIphoneMain" name="toolBars" time="4.250"/>
  <system-out/>
  <testcase classname="iOS.tests.Test.AppiumIphoneMain" name="webViews" time="4.555"/>
  <system-out/>
  <testcase classname="iOS.tests.Test.AppiumIphoneMain" name="alert" time="5.668"/>
  <system-out/>
</testsuite> <!-- iOS.tests.Test.AppiumIphoneMain -->
