<?xml version="1.0" encoding="UTF-8"?>
<!-- Generated by org.testng.reporters.JUnitReportReporter -->
<testsuite hostname="Collaberas-MacBook-Pro.local" failures="0" tests="18" name="iOS.tests.Test.AppiumIphoneMain" time="119.001" errors="0" timestamp="2023-05-15T16:47:37 PST" skipped="0">
  <testcase classname="iOS.tests.Test.AppiumIphoneMain" name="setup" time="5.474"/>
  <system-out/>
  <testcase classname="iOS.tests.Test.AppiumIphoneMain" name="scrollGes" time="1.334"/>
  <system-out/>
  <testcase classname="iOS.tests.Test.AppiumIphoneMain" name="actIndicator" time="5.883"/>
  <system-out/>
  <testcase classname="iOS.tests.Test.AppiumIphoneMain" name="datePicker" time="4.893"/>
  <system-out/>
  <testcase classname="iOS.tests.Test.AppiumIphoneMain" name="timePicker" time="9.906"/>
  <system-out/>
  <testcase classname="iOS.tests.Test.AppiumIphoneMain" name="ImageView" time="9.513"/>
  <system-out/>
  <testcase classname="iOS.tests.Test.AppiumIphoneMain" name="pageControl" time="2.709"/>
  <system-out/>
  <testcase classname="iOS.tests.Test.AppiumIphoneMain" name="pickView" time="2.770"/>
  <system-out/>
  <testcase classname="iOS.tests.Test.AppiumIphoneMain" name="progView" time="12.085"/>
  <system-out/>
  <testcase classname="iOS.tests.Test.AppiumIphoneMain" name="searchView" time="9.383"/>
  <system-out/>
  <testcase classname="iOS.tests.Test.AppiumIphoneMain" name="segmentedControls" time="6.343"/>
  <system-out/>
  <testcase classname="iOS.tests.Test.AppiumIphoneMain" name="sliderControl" time="4.888"/>
  <system-out/>
  <testcase classname="iOS.tests.Test.AppiumIphoneMain" name="stackViews" time="7.691"/>
  <system-out/>
  <testcase classname="iOS.tests.Test.AppiumIphoneMain" name="switches" time="4.851"/>
  <system-out/>
  <testcase classname="iOS.tests.Test.AppiumIphoneMain" name="textField" time="16.643"/>
  <system-out/>
  <testcase classname="iOS.tests.Test.AppiumIphoneMain" name="toolBars" time="4.381"/>
  <system-out/>
  <testcase classname="iOS.tests.Test.AppiumIphoneMain" name="webViews" time="4.409"/>
  <system-out/>
  <testcase classname="iOS.tests.Test.AppiumIphoneMain" name="alert" time="5.845"/>
  <system-out/>
</testsuite> <!-- iOS.tests.Test.AppiumIphoneMain -->
